10/7/2013 1:30:55 PM,,Cannot load configuration,
10/7/2013 1:32:07 PM,,Tag meter initial error,The port 'COM2' does not exist.
10/7/2013 1:44:43 PM,,Tag meter initial error,The port 'COM2' does not exist.
10/7/2013 1:51:41 PM,,Tag meter initial error,The port 'COM2' does not exist.
10/7/2013 1:54:36 PM,,Tag meter initial error,The port 'COM2' does not exist.
10/7/2013 2:57:29 PM,,Tag meter initial error,The port 'COM2' does not exist.
10/7/2013 2:59:42 PM,,Tag meter initial error,The port 'COM2' does not exist.
10/7/2013 3:00:51 PM,,Tag meter initial error,The port 'COM2' does not exist.
10/7/2013 3:24:46 PM,,Tag meter initial error,The port 'COM2' does not exist.
10/7/2013 3:25:44 PM,,Tag meter initial error,The port 'COM2' does not exist.
10/7/2013 3:26:39 PM,,Tag meter initial error,The port 'COM2' does not exist.
10/7/2013 3:27:07 PM,,Tag meter initial error,The port 'COM2' does not exist.
10/7/2013 3:27:57 PM,,Tag meter initial error,The port 'COM2' does not exist.
10/7/2013 3:28:41 PM,,Tag meter initial error,The port 'COM2' does not exist.
10/7/2013 3:29:14 PM,,Tag meter initial error,The port 'COM2' does not exist.
10/7/2013 3:31:05 PM,,Tag meter initial error,The port 'COM2' does not exist.
10/7/2013 3:31:54 PM,,Tag meter initial error,The port 'COM2' does not exist.
10/7/2013 3:33:19 PM,,Tag meter initial error,The port 'COM2' does not exist.
10/7/2013 3:37:58 PM,,Tag meter initial error,The port 'COM2' does not exist.
10/7/2013 3:49:22 PM,,Tag meter initial error,The port 'COM2' does not exist.
10/7/2013 3:49:57 PM,,Tag meter initial error,The port 'COM2' does not exist.
10/7/2013 3:50:43 PM,,Tag meter initial error,The port 'COM2' does not exist.
10/7/2013 3:53:27 PM,,Tag meter initial error,The port 'COM2' does not exist.
10/7/2013 3:55:19 PM,,Tag meter initial error,The port 'COM2' does not exist.
10/7/2013 3:57:32 PM,,Tag meter initial error,The port 'COM2' does not exist.
10/7/2013 4:03:34 PM,,Tag meter initial error,The port 'COM2' does not exist.
10/7/2013 4:06:48 PM,,Tag meter initial error,The port 'COM2' does not exist.
10/7/2013 4:07:36 PM,,Tag meter initial error,The port 'COM2' does not exist.
10/7/2013 4:08:34 PM,,Tag meter initial error,The port 'COM2' does not exist.
10/7/2013 4:09:29 PM,,Tag meter initial error,The port 'COM2' does not exist.
10/7/2013 4:11:50 PM,,Tag meter initial error,The port 'COM2' does not exist.
10/7/2013 4:12:38 PM,,Tag meter initial error,The port 'COM2' does not exist.
10/7/2013 4:15:12 PM,,Tag meter initial error,The port 'COM2' does not exist.
10/7/2013 4:16:22 PM,,Tag meter initial error,The port 'COM2' does not exist.
10/7/2013 4:17:11 PM,,Tag meter initial error,The port 'COM2' does not exist.
10/7/2013 4:18:20 PM,,Tag meter initial error,The port 'COM2' does not exist.
10/7/2013 4:22:37 PM,,Tag meter initial error,The port 'COM2' does not exist.
10/7/2013 4:23:24 PM,,Tag meter initial error,The port 'COM2' does not exist.
10/7/2013 4:27:05 PM,,Tag meter initial error,The port 'COM2' does not exist.
10/7/2013 4:27:13 PM,,Tag meter initial error,The port 'COM2' does not exist.
10/7/2013 4:29:55 PM,,Tag meter initial error,The port 'COM2' does not exist.
10/7/2013 4:30:47 PM,,Tag meter initial error,The port 'COM2' does not exist.
10/8/2013 9:15:26 AM,12602,Do you want to delete work order 12589?, YES
10/8/2013 3:05:09 PM,,Tag programmer initial error,Object reference not set to an instance of an object.
10/8/2013 3:05:30 PM,,Tag programmer initial error,Object reference not set to an instance of an object.
10/8/2013 3:07:08 PM,,Tag meter initial error,Not response form the Tag Meter.
10/8/2013 3:07:29 PM,,Tag meter initial error,Not response form the Tag Meter.
10/8/2013 3:07:48 PM,,Tag meter initial error,Not response form the Tag Meter.
10/8/2013 3:08:07 PM,,Tag meter initial error,Not response form the Tag Meter.
10/8/2013 4:24:35 PM,,Tag meter initial error,
10/8/2013 4:26:03 PM,,Tag meter initial error,
10/8/2013 4:30:54 PM,,Tag meter initial error,Not response form the Tag Meter.
10/8/2013 4:31:53 PM,,Tag meter initial error,Not response form the Tag Meter.
10/8/2013 4:34:38 PM,,Tag meter initial error,Not response form the Tag Meter.
10/8/2013 4:37:36 PM,,Tag meter initial error,
10/8/2013 4:37:50 PM,,Tag meter initial error,
10/8/2013 4:38:51 PM,,Tag meter initial error,
10/8/2013 4:41:49 PM,,Tag meter initial error,
10/8/2013 4:43:04 PM,,Tag meter initial error,
10/8/2013 4:43:20 PM,,Tag meter initial error,
10/8/2013 4:45:47 PM,,Tag meter initial error,
10/8/2013 4:48:27 PM,,Tag meter initial error,Not response form the Tag Meter.
10/8/2013 4:49:53 PM,,Tag meter initial error,
10/8/2013 4:51:35 PM,,Tag meter initial error,
10/8/2013 4:54:33 PM,,Tag meter initial error,
10/8/2013 4:56:42 PM,,Tag meter initial error,Not response form the Tag Meter.
10/8/2013 4:57:48 PM,,Tag meter initial error,Not response form the Tag Meter.
10/8/2013 4:58:59 PM,,Tag meter initial error,Not response form the Tag Meter.
10/8/2013 5:00:08 PM,,Tag meter initial error,Not response form the Tag Meter.
10/8/2013 5:06:11 PM,,Tag meter initial error,Not response form the Tag Meter.
10/8/2013 5:07:04 PM,,Tag meter initial error,
10/8/2013 5:07:47 PM,,Tag meter initial error,Not response form the Tag Meter.
10/8/2013 5:08:53 PM,,Tag meter initial error,Not response form the Tag Meter.
10/8/2013 5:09:21 PM,,Tag meter initial error,
10/8/2013 5:10:20 PM,,Tag meter initial error,
10/8/2013 5:11:55 PM,,Tag meter initial error,
10/8/2013 5:13:28 PM,,Tag meter initial error,
10/8/2013 5:23:18 PM,,Tag meter initial error,Access to the port 'COM9' is denied.
10/8/2013 5:26:27 PM,,Tag meter initial error,
10/8/2013 5:28:55 PM,,Tag meter initial error,Not response form the Tag Meter.
10/8/2013 5:31:18 PM,,Tag meter initial error,Not response form the Tag Meter.
10/8/2013 5:32:05 PM,,Tag meter initial error,Not response form the Tag Meter.
10/8/2013 5:34:03 PM,,Tag meter initial error,Not response form the Tag Meter.
10/8/2013 5:35:09 PM,,Tag meter initial error,Not response form the Tag Meter.
10/8/2013 5:36:13 PM,,Tag meter initial error,Not response form the Tag Meter.
10/9/2013 10:09:29 AM,,Tag meter initial error,
10/9/2013 10:09:45 AM,,Tag meter initial error,
10/9/2013 10:11:10 AM,,Tag meter initial error,
10/9/2013 10:15:50 AM,,Tag meter initial error,
10/9/2013 10:16:07 AM,,Tag meter initial error,
10/9/2013 10:16:13 AM,,Tag meter initial error,
10/9/2013 10:16:57 AM,,Tag meter initial error,Not response form the Tag Meter.
10/9/2013 10:25:44 AM,,Tag meter initial error,
10/9/2013 10:28:25 AM,,Tag meter initial error,
10/9/2013 10:28:49 AM,,Tag meter initial error,
10/9/2013 10:30:11 AM,,Tag meter initial error,Not response form the Tag Meter.
10/9/2013 10:30:39 AM,,Tag meter initial error,
10/9/2013 10:53:30 AM,,Tag meter initial error,Access to the port 'COM9' is denied.
10/9/2013 11:45:36 AM,,Tag meter initial error,Not response form the Tag Meter.
10/9/2013 1:48:52 PM,,Tag meter initial error,
10/9/2013 2:09:50 PM,,Tag meter initial error,Access to the port 'COM9' is denied.
10/9/2013 2:30:21 PM,,Tag meter initial error,Access to the port 'COM9' is denied.
10/9/2013 2:50:54 PM,,Tag meter initial error,Access to the port 'COM9' is denied.
10/9/2013 2:51:15 PM,,Tag meter initial error,Access to the port 'COM9' is denied.
10/9/2013 3:16:36 PM,,Tag meter initial error,Access to the port 'COM9' is denied.
10/9/2013 3:18:19 PM,,Tag meter initial error,Access to the port 'COM9' is denied.
10/12/2013 9:36:22 PM,12602,I/O Board error,Cannot initial.
10/12/2013 9:39:36 PM,12602,I/O Board error,Cannot initial.
10/12/2013 9:40:33 PM,12602,I/O Board error,Cannot initial.
10/12/2013 9:42:17 PM,12602,I/O Board error,Cannot initial.
10/12/2013 9:42:37 PM,12602,I/O Board error,Cannot initial.
10/13/2013 8:48:40 PM,12602,I/O Board error,Cannot initial.
10/13/2013 8:48:55 PM,12602,I/O Board error,Cannot initial.
10/13/2013 8:57:37 PM,12602,I/O Board error,Cannot initial.
10/13/2013 8:58:25 PM,12602,I/O Board error,Cannot initial.
10/13/2013 9:17:44 PM,12602,I/O Board error,Cannot initial.
10/13/2013 9:32:07 PM,12602,I/O Board error,Cannot initial.
1/13/2014 9:39:37 AM,0,Do you want to delete work order 13523?, YES
2/5/2014 11:33:17 AM,0,Do you want to delete work order 13780?, YES
4/18/2014 11:33:39 AM,,,Object reference not set to an instance of an object.,Cannot verify date time.
Call ENGINEER.
4/18/2014 11:35:21 AM,,,Date time is not correct.
Current date time is not later than last date time.

Last date time is 5/18/2014 11:30:53 AM
Current date time is 4/18/2014 11:35:21 AM

Call ENGINEER.
4/18/2014 11:40:30 AM,,,Date time is not correct.
Current date time is not later than last date time.

Last date time is 5/18/2014 11:30:53 AM
Current date time is 4/18/2014 11:40:30 AM

Call ENGINEER.
4/18/2014 12:00:36 PM,,,Date time is not correct.
Current date time is not later than last date time.

Last date time is 5/18/2014 11:30:53 AM
Current date time is 4/18/2014 12:00:36 PM

Call ENGINEER.
8/14/2014 4:03:01 PM,14915,Do you want to delete work order 14915?, YES
8/14/2014 4:03:26 PM,15489,Do you want to delete work order 15489?, YES
