10/7/2013 1:30:55 PM,Cannot load configuration
10/7/2013 1:32:07 PM,Tag meter initial error
10/7/2013 1:32:08 PM,There are some error during start. Only ENGINEER can login.
10/7/2013 1:44:43 PM,Tag meter initial error
10/7/2013 1:44:45 PM,There are some error during start. Only ENGINEER can login.
10/7/2013 1:51:41 PM,Tag meter initial error
10/7/2013 1:51:42 PM,There are some error during start. Only ENGINEER can login.
10/7/2013 1:54:36 PM,Tag meter initial error
10/7/2013 1:54:39 PM,There are some error during start. Only ENGINEER can login.
10/7/2013 2:57:29 PM,Tag meter initial error
10/7/2013 2:57:30 PM,There are some error during start. Only ENGINEER can login.
10/7/2013 2:59:42 PM,Tag meter initial error
10/7/2013 2:59:43 PM,There are some error during start. Only ENGINEER can login.
10/7/2013 3:00:51 PM,Tag meter initial error
10/7/2013 3:00:52 PM,There are some error during start. Only ENGINEER can login.
10/7/2013 3:24:46 PM,Tag meter initial error
10/7/2013 3:24:47 PM,There are some error during start. Only ENGINEER can login.
10/7/2013 3:25:44 PM,Tag meter initial error
10/7/2013 3:25:45 PM,There are some error during start. Only ENGINEER can login.
10/7/2013 3:26:39 PM,Tag meter initial error
10/7/2013 3:26:40 PM,There are some error during start. Only ENGINEER can login.
10/7/2013 3:27:07 PM,Tag meter initial error
10/7/2013 3:27:08 PM,There are some error during start. Only ENGINEER can login.
10/7/2013 3:27:57 PM,Tag meter initial error
10/7/2013 3:27:58 PM,There are some error during start. Only ENGINEER can login.
10/7/2013 3:28:41 PM,Tag meter initial error
10/7/2013 3:28:43 PM,There are some error during start. Only ENGINEER can login.
10/7/2013 3:29:14 PM,Tag meter initial error
10/7/2013 3:29:15 PM,There are some error during start. Only ENGINEER can login.
10/7/2013 3:31:05 PM,Tag meter initial error
10/7/2013 3:31:06 PM,There are some error during start. Only ENGINEER can login.
10/7/2013 3:31:54 PM,Tag meter initial error
10/7/2013 3:31:55 PM,There are some error during start. Only ENGINEER can login.
10/7/2013 3:33:19 PM,Tag meter initial error
10/7/2013 3:33:20 PM,There are some error during start. Only ENGINEER can login.
10/7/2013 3:37:58 PM,Tag meter initial error
10/7/2013 3:37:59 PM,There are some error during start. Only ENGINEER can login.
10/7/2013 3:49:22 PM,Tag meter initial error
10/7/2013 3:49:23 PM,There are some error during start. Only ENGINEER can login.
10/7/2013 3:49:57 PM,Tag meter initial error
10/7/2013 3:49:58 PM,There are some error during start. Only ENGINEER can login.
10/7/2013 3:50:43 PM,Tag meter initial error
10/7/2013 3:50:43 PM,There are some error during start. Only ENGINEER can login.
10/7/2013 3:53:27 PM,Tag meter initial error
10/7/2013 3:53:28 PM,There are some error during start. Only ENGINEER can login.
10/7/2013 3:55:19 PM,Tag meter initial error
10/7/2013 3:55:20 PM,There are some error during start. Only ENGINEER can login.
10/7/2013 3:57:32 PM,Tag meter initial error
10/7/2013 3:57:33 PM,There are some error during start. Only ENGINEER can login.
10/7/2013 4:03:34 PM,Tag meter initial error
10/7/2013 4:03:36 PM,There are some error during start. Only ENGINEER can login.
10/7/2013 4:06:48 PM,Tag meter initial error
10/7/2013 4:06:49 PM,There are some error during start. Only ENGINEER can login.
10/7/2013 4:07:36 PM,Tag meter initial error
10/7/2013 4:07:37 PM,There are some error during start. Only ENGINEER can login.
10/7/2013 4:08:34 PM,Tag meter initial error
10/7/2013 4:08:35 PM,There are some error during start. Only ENGINEER can login.
10/7/2013 4:09:29 PM,Tag meter initial error
10/7/2013 4:09:31 PM,There are some error during start. Only ENGINEER can login.
10/7/2013 4:11:50 PM,Tag meter initial error
10/7/2013 4:11:51 PM,There are some error during start. Only ENGINEER can login.
10/7/2013 4:12:38 PM,Tag meter initial error
10/7/2013 4:12:39 PM,There are some error during start. Only ENGINEER can login.
10/7/2013 4:15:12 PM,Tag meter initial error
10/7/2013 4:15:13 PM,There are some error during start. Only ENGINEER can login.
10/7/2013 4:16:22 PM,Tag meter initial error
10/7/2013 4:16:24 PM,There are some error during start. Only ENGINEER can login.
10/7/2013 4:17:11 PM,Tag meter initial error
10/7/2013 4:17:13 PM,There are some error during start. Only ENGINEER can login.
10/7/2013 4:18:20 PM,Tag meter initial error
10/7/2013 4:18:21 PM,There are some error during start. Only ENGINEER can login.
10/7/2013 4:22:37 PM,Tag meter initial error
10/7/2013 4:22:39 PM,There are some error during start. Only ENGINEER can login.
10/7/2013 4:23:24 PM,Tag meter initial error
10/7/2013 4:23:25 PM,There are some error during start. Only ENGINEER can login.
10/7/2013 4:27:05 PM,Tag meter initial error
10/7/2013 4:27:06 PM,There are some error during start
10/7/2013 4:27:13 PM,Tag meter initial error
10/7/2013 4:27:14 PM,There are some error during start. Only ENGINEER can login.
10/7/2013 4:29:55 PM,Tag meter initial error
10/7/2013 4:29:56 PM,There are some error during start. Only ENGINEER can login.
10/7/2013 4:30:47 PM,Tag meter initial error
10/7/2013 4:30:48 PM,There are some error during start. Only ENGINEER can login.
10/7/2013 4:33:11 PM,There are some error during start. Only ENGINEER can login.
10/7/2013 4:33:52 PM,There are some error during start. Only ENGINEER can login.
10/7/2013 4:39:43 PM,After start software log in is successful.
10/7/2013 4:41:31 PM,After start software log in is successful.
10/7/2013 4:43:27 PM,After start software log in is successful.
10/7/2013 4:44:34 PM,After start software log in is successful.
10/7/2013 5:07:05 PM,After start software log in is successful.
10/7/2013 5:27:48 PM,There are some error during start. Only ENGINEER can login.
10/7/2013 5:28:16 PM,After start software log in is successful.
10/7/2013 5:30:34 PM,After start software log in is successful.
10/7/2013 5:33:34 PM,After start software log in is successful.
10/7/2013 5:36:38 PM,After start software log in is successful.
10/7/2013 5:39:04 PM,After start software log in is successful.
10/7/2013 5:39:59 PM,After start software log in is successful.
10/7/2013 5:41:32 PM,After start software log in is successful.
10/7/2013 5:44:42 PM,After start software log in is successful.
10/7/2013 5:45:48 PM,After start software log in is successful.
10/7/2013 5:49:01 PM,After start software log in is successful.
10/7/2013 5:51:15 PM,After start software log in is successful.
10/7/2013 5:56:44 PM,After start software log in is successful.
10/7/2013 5:57:33 PM,After start software log in is successful.
10/7/2013 5:59:41 PM,After start software log in is successful.
10/7/2013 6:00:08 PM,After start software log in is successful.
10/7/2013 6:01:07 PM,There are some error during start. Only ENGINEER can login.
10/8/2013 9:06:46 AM,After start software log in is successful.
10/8/2013 9:08:44 AM,After start software log in is successful.
10/8/2013 9:09:13 AM,After start software log in is successful.
10/8/2013 9:15:19 AM,After start software log in is successful.
10/8/2013 9:25:23 AM,After start software log in is successful.
10/8/2013 9:26:26 AM,After start software log in is successful.
10/8/2013 9:27:15 AM,After start software log in is successful.
10/8/2013 9:27:54 AM,After start software log in is successful.
10/8/2013 9:28:24 AM,After start software log in is successful.
10/8/2013 9:29:38 AM,After start software log in is successful.
10/8/2013 9:30:33 AM,After start software log in is successful.
10/8/2013 9:31:36 AM,After start software log in is successful.
10/8/2013 9:32:14 AM,After start software log in is successful.
10/8/2013 9:33:38 AM,After start software log in is successful.
10/8/2013 9:34:06 AM,After start software log in is successful.
10/8/2013 9:34:46 AM,After start software log in is successful.
10/8/2013 9:36:22 AM,After start software log in is successful.
10/8/2013 9:38:03 AM,After start software log in is successful.
10/8/2013 9:38:48 AM,After start software log in is successful.
10/8/2013 9:40:41 AM,After start software log in is successful.
10/8/2013 9:41:28 AM,After start software log in is successful.
10/8/2013 9:43:02 AM,After start software log in is successful.
10/8/2013 9:43:59 AM,After start software log in is successful.
10/8/2013 9:45:24 AM,After start software log in is successful.
10/8/2013 9:47:01 AM,After start software log in is successful.
10/8/2013 9:47:12 AM,After start software log in is successful.
10/8/2013 9:50:10 AM,After start software log in is successful.
10/8/2013 9:50:24 AM,After start software log in is successful.
10/8/2013 9:51:05 AM,After start software log in is successful.
10/8/2013 9:53:52 AM,After start software log in is successful.
10/8/2013 9:54:07 AM,After start software log in is successful.
10/8/2013 9:59:35 AM,After start software log in is successful.
10/8/2013 10:10:40 AM,After start software log in is successful.
10/8/2013 10:14:13 AM,After start software log in is successful.
10/8/2013 10:15:30 AM,After start software log in is successful.
10/8/2013 10:16:35 AM,After start software log in is successful.
10/8/2013 10:16:55 AM,After start software log in is successful.
10/8/2013 10:18:32 AM,After start software log in is successful.
10/8/2013 10:19:36 AM,After start software log in is successful.
10/8/2013 10:21:16 AM,After start software log in is successful.
10/8/2013 10:22:10 AM,After start software log in is successful.
10/8/2013 10:23:49 AM,After start software log in is successful.
10/8/2013 10:25:36 AM,After start software log in is successful.
10/8/2013 10:25:49 AM,There are some error during start. Only ENGINEER can login.
10/8/2013 10:26:30 AM,There are some error during start. Only ENGINEER can login.
10/8/2013 10:28:29 AM,There are some error during start. Only ENGINEER can login.
10/8/2013 10:30:05 AM,After start software log in is successful.
10/8/2013 10:31:20 AM,After start software log in is successful.
10/8/2013 10:32:52 AM,After start software log in is successful.
10/8/2013 10:33:03 AM,After start software log in is successful.
10/8/2013 10:33:42 AM,After start software log in is successful.
10/8/2013 10:35:19 AM,After start software log in is successful.
10/8/2013 10:38:22 AM,After start software log in is successful.
10/8/2013 10:39:24 AM,After start software log in is successful.
10/8/2013 10:39:52 AM,After start software log in is successful.
10/8/2013 10:40:41 AM,After start software log in is successful.
10/8/2013 10:41:25 AM,After start software log in is successful.
10/8/2013 10:55:40 AM,After start software log in is successful.
10/8/2013 10:56:39 AM,After start software log in is successful.
10/8/2013 1:00:04 PM,After start software log in is successful.
10/8/2013 1:17:51 PM,After start software log in is successful.
10/8/2013 1:18:19 PM,After start software log in is successful.
10/8/2013 1:19:27 PM,After start software log in is successful.
10/8/2013 1:20:57 PM,After start software log in is successful.
10/8/2013 1:23:14 PM,After start software log in is successful.
10/8/2013 1:24:20 PM,After start software log in is successful.
10/8/2013 1:28:37 PM,After start software log in is successful.
10/8/2013 1:31:13 PM,After start software log in is successful.
10/8/2013 1:32:26 PM,After start software log in is successful.
10/8/2013 1:32:57 PM,After start software log in is successful.
10/8/2013 1:35:33 PM,After start software log in is successful.
10/8/2013 1:37:20 PM,After start software log in is successful.
10/8/2013 1:40:09 PM,After start software log in is successful.
10/8/2013 2:05:30 PM,After start software log in is successful.
10/8/2013 2:09:07 PM,After start software log in is successful.
10/8/2013 2:11:27 PM,After start software log in is successful.
10/8/2013 2:12:24 PM,After start software log in is successful.
10/8/2013 2:12:54 PM,After start software log in is successful.
10/8/2013 2:26:39 PM,After start software log in is successful.
10/8/2013 2:28:09 PM,After start software log in is successful.
10/8/2013 2:29:01 PM,After start software log in is successful.
10/8/2013 2:40:10 PM,After start software log in is successful.
10/8/2013 2:45:01 PM,After start software log in is successful.
10/8/2013 2:51:19 PM,After start software log in is successful.
10/8/2013 2:52:09 PM,After start software log in is successful.
10/8/2013 2:53:11 PM,After start software log in is successful.
10/8/2013 2:53:39 PM,After start software log in is successful.
10/8/2013 2:55:56 PM,After start software log in is successful.
10/8/2013 2:56:40 PM,After start software log in is successful.
10/8/2013 2:56:52 PM,After start software log in is successful.
10/8/2013 3:02:32 PM,After start software log in is successful.
10/8/2013 3:03:14 PM,After start software log in is successful.
10/8/2013 3:05:09 PM,Tag programmer initial error
10/8/2013 3:05:12 PM,There are some error during start. Only ENGINEER can login.
10/8/2013 3:05:30 PM,Tag programmer initial error
10/8/2013 3:05:37 PM,There are some error during start. Only ENGINEER can login.
10/8/2013 3:07:08 PM,Tag meter initial error
10/8/2013 3:07:12 PM,There are some error during start. Only ENGINEER can login.
10/8/2013 3:07:29 PM,Tag meter initial error
10/8/2013 3:07:32 PM,There are some error during start. Only ENGINEER can login.
10/8/2013 3:07:48 PM,Tag meter initial error
10/8/2013 3:07:48 PM,There are some error during start. Only ENGINEER can login.
10/8/2013 3:08:07 PM,Tag meter initial error
10/8/2013 3:08:08 PM,There are some error during start. Only ENGINEER can login.
10/8/2013 3:08:23 PM,After start software log in is successful.
10/8/2013 3:08:40 PM,After start software log in is successful.
10/8/2013 3:13:31 PM,After start software log in is successful.
10/8/2013 3:16:19 PM,After start software log in is successful.
10/8/2013 3:21:21 PM,After start software log in is successful.
10/8/2013 3:23:19 PM,After start software log in is successful.
10/8/2013 3:26:08 PM,After start software log in is successful.
10/8/2013 3:27:03 PM,After start software log in is successful.
10/8/2013 3:28:01 PM,After start software log in is successful.
10/8/2013 3:41:49 PM,After start software log in is successful.
10/8/2013 3:42:41 PM,After start software log in is successful.
10/8/2013 3:43:49 PM,After start software log in is successful.
10/8/2013 3:46:01 PM,After start software log in is successful.
10/8/2013 3:48:36 PM,After start software log in is successful.
10/8/2013 3:50:02 PM,After start software log in is successful.
10/8/2013 3:50:28 PM,After start software log in is successful.
10/8/2013 3:52:07 PM,After start software log in is successful.
10/8/2013 3:52:53 PM,After start software log in is successful.
10/8/2013 3:54:39 PM,After start software log in is successful.
10/8/2013 4:09:47 PM,After start software log in is successful.
10/8/2013 4:11:40 PM,After start software log in is successful.
10/8/2013 4:12:29 PM,After start software log in is successful.
10/8/2013 4:14:31 PM,After start software log in is successful.
10/8/2013 4:15:29 PM,After start software log in is successful.
10/8/2013 4:15:36 PM,After start software log in is successful.
10/8/2013 4:24:35 PM,Tag meter initial error
10/8/2013 4:26:03 PM,Tag meter initial error
10/8/2013 4:26:04 PM,There are some error during start. Only ENGINEER can login.
10/8/2013 4:27:49 PM,After start software log in is successful.
10/8/2013 4:30:07 PM,After start software log in is successful.
10/8/2013 4:30:54 PM,Tag meter initial error
10/8/2013 4:30:55 PM,There are some error during start. Only ENGINEER can login.
10/8/2013 4:31:53 PM,Tag meter initial error
10/8/2013 4:31:54 PM,There are some error during start. Only ENGINEER can login.
10/8/2013 4:34:38 PM,Tag meter initial error
10/8/2013 4:34:39 PM,There are some error during start. Only ENGINEER can login.
10/8/2013 4:37:36 PM,Tag meter initial error
10/8/2013 4:37:39 PM,There are some error during start. Only ENGINEER can login.
10/8/2013 4:37:50 PM,Tag meter initial error
10/8/2013 4:37:52 PM,There are some error during start. Only ENGINEER can login.
10/8/2013 4:38:51 PM,Tag meter initial error
10/8/2013 4:38:52 PM,There are some error during start. Only ENGINEER can login.
10/8/2013 4:41:49 PM,Tag meter initial error
10/8/2013 4:41:50 PM,There are some error during start. Only ENGINEER can login.
10/8/2013 4:43:04 PM,Tag meter initial error
10/8/2013 4:43:06 PM,There are some error during start. Only ENGINEER can login.
10/8/2013 4:43:20 PM,Tag meter initial error
10/8/2013 4:43:21 PM,There are some error during start. Only ENGINEER can login.
10/8/2013 4:45:47 PM,Tag meter initial error
10/8/2013 4:45:49 PM,There are some error during start. Only ENGINEER can login.
10/8/2013 4:48:27 PM,Tag meter initial error
10/8/2013 4:48:28 PM,There are some error during start. Only ENGINEER can login.
10/8/2013 4:49:53 PM,Tag meter initial error
10/8/2013 4:49:54 PM,There are some error during start. Only ENGINEER can login.
10/8/2013 4:51:35 PM,Tag meter initial error
10/8/2013 4:51:36 PM,There are some error during start. Only ENGINEER can login.
10/8/2013 4:54:33 PM,Tag meter initial error
10/8/2013 4:54:34 PM,There are some error during start. Only ENGINEER can login.
10/8/2013 4:56:42 PM,Tag meter initial error
10/8/2013 4:56:43 PM,There are some error during start. Only ENGINEER can login.
10/8/2013 4:57:48 PM,Tag meter initial error
10/8/2013 4:57:50 PM,There are some error during start. Only ENGINEER can login.
10/8/2013 4:58:59 PM,Tag meter initial error
10/8/2013 4:59:00 PM,There are some error during start. Only ENGINEER can login.
10/8/2013 5:00:08 PM,Tag meter initial error
10/8/2013 5:00:09 PM,There are some error during start. Only ENGINEER can login.
10/8/2013 5:06:11 PM,Tag meter initial error
10/8/2013 5:06:27 PM,There are some error during start. Only ENGINEER can login.
10/8/2013 5:07:04 PM,Tag meter initial error
10/8/2013 5:07:05 PM,There are some error during start. Only ENGINEER can login.
10/8/2013 5:07:47 PM,Tag meter initial error
10/8/2013 5:07:49 PM,There are some error during start. Only ENGINEER can login.
10/8/2013 5:08:53 PM,Tag meter initial error
10/8/2013 5:08:54 PM,There are some error during start. Only ENGINEER can login.
10/8/2013 5:09:21 PM,Tag meter initial error
10/8/2013 5:09:22 PM,There are some error during start. Only ENGINEER can login.
10/8/2013 5:10:20 PM,Tag meter initial error
10/8/2013 5:10:23 PM,There are some error during start. Only ENGINEER can login.
10/8/2013 5:11:55 PM,Tag meter initial error
10/8/2013 5:11:56 PM,There are some error during start. Only ENGINEER can login.
10/8/2013 5:13:28 PM,Tag meter initial error
10/8/2013 5:13:29 PM,There are some error during start. Only ENGINEER can login.
10/8/2013 5:23:18 PM,Tag meter initial error
10/8/2013 5:23:19 PM,There are some error during start. Only ENGINEER can login.
10/8/2013 5:26:27 PM,Tag meter initial error
10/8/2013 5:26:28 PM,There are some error during start. Only ENGINEER can login.
10/8/2013 5:28:55 PM,Tag meter initial error
10/8/2013 5:28:59 PM,There are some error during start. Only ENGINEER can login.
10/8/2013 5:31:18 PM,Tag meter initial error
10/8/2013 5:31:23 PM,There are some error during start. Only ENGINEER can login.
10/8/2013 5:32:05 PM,Tag meter initial error
10/8/2013 5:32:08 PM,There are some error during start. Only ENGINEER can login.
10/8/2013 5:34:03 PM,Tag meter initial error
10/8/2013 5:34:04 PM,There are some error during start. Only ENGINEER can login.
10/8/2013 5:35:09 PM,Tag meter initial error
10/8/2013 5:35:10 PM,There are some error during start. Only ENGINEER can login.
10/8/2013 5:36:13 PM,Tag meter initial error
10/8/2013 5:36:14 PM,There are some error during start. Only ENGINEER can login.
10/9/2013 9:23:15 AM,After start software log in is successful.
10/9/2013 9:24:29 AM,After start software log in is successful.
10/9/2013 9:25:53 AM,After start software log in is successful.
10/9/2013 10:02:14 AM,After start software log in is successful.
10/9/2013 10:04:15 AM,After start software log in is successful.
10/9/2013 10:05:33 AM,After start software log in is successful.
10/9/2013 10:06:54 AM,After start software log in is successful.
10/9/2013 10:09:29 AM,Tag meter initial error
10/9/2013 10:09:30 AM,There are some error during start. Only ENGINEER can login.
10/9/2013 10:09:45 AM,Tag meter initial error
10/9/2013 10:09:48 AM,There are some error during start. Only ENGINEER can login.
10/9/2013 10:11:10 AM,Tag meter initial error
10/9/2013 10:11:14 AM,There are some error during start. Only ENGINEER can login.
10/9/2013 10:14:37 AM,After start software log in is successful.
10/9/2013 10:15:16 AM,After start software log in is successful.
10/9/2013 10:15:42 AM,After start software log in is successful.
10/9/2013 10:15:50 AM,Tag meter initial error
10/9/2013 10:15:51 AM,There are some error during start. Only ENGINEER can login.
10/9/2013 10:15:56 AM,After start software log in is successful.
10/9/2013 10:16:07 AM,Tag meter initial error
10/9/2013 10:16:08 AM,There are some error during start. Only ENGINEER can login.
10/9/2013 10:16:13 AM,Tag meter initial error
10/9/2013 10:16:14 AM,There are some error during start. Only ENGINEER can login.
10/9/2013 10:16:18 AM,After start software log in is successful.
10/9/2013 10:16:30 AM,After start software log in is successful.
10/9/2013 10:16:45 AM,After start software log in is successful.
10/9/2013 10:16:57 AM,Tag meter initial error
10/9/2013 10:16:59 AM,There are some error during start. Only ENGINEER can login.
10/9/2013 10:17:10 AM,After start software log in is successful.
10/9/2013 10:20:06 AM,After start software log in is successful.
10/9/2013 10:21:23 AM,After start software log in is successful.
10/9/2013 10:22:12 AM,After start software log in is successful.
10/9/2013 10:25:19 AM,After start software log in is successful.
10/9/2013 10:25:44 AM,Tag meter initial error
10/9/2013 10:25:45 AM,There are some error during start. Only ENGINEER can login.
10/9/2013 10:26:19 AM,After start software log in is successful.
10/9/2013 10:28:25 AM,Tag meter initial error
10/9/2013 10:28:27 AM,There are some error during start. Only ENGINEER can login.
10/9/2013 10:28:49 AM,Tag meter initial error
10/9/2013 10:28:51 AM,There are some error during start. Only ENGINEER can login.
10/9/2013 10:29:21 AM,After start software log in is successful.
10/9/2013 10:30:11 AM,Tag meter initial error
10/9/2013 10:30:12 AM,There are some error during start. Only ENGINEER can login.
10/9/2013 10:30:39 AM,Tag meter initial error
10/9/2013 10:30:40 AM,There are some error during start. Only ENGINEER can login.
10/9/2013 10:31:03 AM,After start software log in is successful.
10/9/2013 10:34:41 AM,After start software log in is successful.
10/9/2013 10:35:16 AM,After start software log in is successful.
10/9/2013 10:36:56 AM,After start software log in is successful.
10/9/2013 10:38:28 AM,After start software log in is successful.
10/9/2013 10:39:33 AM,After start software log in is successful.
10/9/2013 10:43:23 AM,After start software log in is successful.
10/9/2013 10:44:40 AM,After start software log in is successful.
10/9/2013 10:45:35 AM,After start software log in is successful.
10/9/2013 10:48:21 AM,After start software log in is successful.
10/9/2013 10:49:22 AM,After start software log in is successful.
10/9/2013 10:50:19 AM,After start software log in is successful.
10/9/2013 10:52:01 AM,After start software log in is successful.
10/9/2013 10:53:30 AM,Tag meter initial error
10/9/2013 10:53:34 AM,There are some error during start. Only ENGINEER can login.
10/9/2013 10:53:43 AM,After start software log in is successful.
10/9/2013 11:35:15 AM,After start software log in is successful.
10/9/2013 11:36:19 AM,After start software log in is successful.
10/9/2013 11:37:30 AM,After start software log in is successful.
10/9/2013 11:38:22 AM,After start software log in is successful.
10/9/2013 11:38:58 AM,After start software log in is successful.
10/9/2013 11:39:57 AM,After start software log in is successful.
10/9/2013 11:40:26 AM,After start software log in is successful.
10/9/2013 11:41:56 AM,After start software log in is successful.
10/9/2013 11:42:53 AM,After start software log in is successful.
10/9/2013 11:44:13 AM,After start software log in is successful.
10/9/2013 11:45:36 AM,Tag meter initial error
10/9/2013 11:45:37 AM,There are some error during start. Only ENGINEER can login.
10/9/2013 11:54:04 AM,After start software log in is successful.
10/9/2013 11:54:26 AM,After start software log in is successful.
10/9/2013 11:56:20 AM,After start software log in is successful.
10/9/2013 11:56:46 AM,After start software log in is successful.
10/9/2013 11:59:51 AM,After start software log in is successful.
10/9/2013 12:01:01 PM,After start software log in is successful.
10/9/2013 12:01:35 PM,After start software log in is successful.
10/9/2013 12:02:20 PM,After start software log in is successful.
10/9/2013 1:14:14 PM,After start software log in is successful.
10/9/2013 1:16:54 PM,After start software log in is successful.
10/9/2013 1:18:21 PM,After start software log in is successful.
10/9/2013 1:19:44 PM,After start software log in is successful.
10/9/2013 1:21:25 PM,After start software log in is successful.
10/9/2013 1:22:33 PM,After start software log in is successful.
10/9/2013 1:23:16 PM,After start software log in is successful.
10/9/2013 1:24:20 PM,After start software log in is successful.
10/9/2013 1:25:39 PM,After start software log in is successful.
10/9/2013 1:31:53 PM,After start software log in is successful.
10/9/2013 1:33:15 PM,After start software log in is successful.
10/9/2013 1:33:59 PM,After start software log in is successful.
10/9/2013 1:34:42 PM,After start software log in is successful.
10/9/2013 1:36:28 PM,After start software log in is successful.
10/9/2013 1:38:48 PM,After start software log in is successful.
10/9/2013 1:40:02 PM,After start software log in is successful.
10/9/2013 1:40:45 PM,After start software log in is successful.
10/9/2013 1:45:56 PM,After start software log in is successful.
10/9/2013 1:46:20 PM,After start software log in is successful.
10/9/2013 1:48:52 PM,Tag meter initial error
10/9/2013 1:48:53 PM,There are some error during start. Only ENGINEER can login.
10/9/2013 1:49:07 PM,After start software log in is successful.
10/9/2013 1:50:54 PM,After start software log in is successful.
10/9/2013 1:51:06 PM,After start software log in is successful.
10/9/2013 1:57:05 PM,After start software log in is successful.
10/9/2013 1:58:01 PM,After start software log in is successful.
10/9/2013 2:00:16 PM,After start software log in is successful.
10/9/2013 2:04:04 PM,After start software log in is successful.
10/9/2013 2:05:29 PM,After start software log in is successful.
10/9/2013 2:09:50 PM,Tag meter initial error
10/9/2013 2:09:51 PM,There are some error during start. Only ENGINEER can login.
10/9/2013 2:09:59 PM,After start software log in is successful.
10/9/2013 2:11:22 PM,After start software log in is successful.
10/9/2013 2:16:12 PM,After start software log in is successful.
10/9/2013 2:17:38 PM,After start software log in is successful.
10/9/2013 2:18:38 PM,After start software log in is successful.
10/9/2013 2:20:07 PM,After start software log in is successful.
10/9/2013 2:20:49 PM,After start software log in is successful.
10/9/2013 2:21:24 PM,After start software log in is successful.
10/9/2013 2:21:43 PM,After start software log in is successful.
10/9/2013 2:30:21 PM,Tag meter initial error
10/9/2013 2:30:22 PM,There are some error during start. Only ENGINEER can login.
10/9/2013 2:30:30 PM,After start software log in is successful.
10/9/2013 2:39:50 PM,After start software log in is successful.
10/9/2013 2:41:25 PM,After start software log in is successful.
10/9/2013 2:50:00 PM,After start software log in is successful.
10/9/2013 2:50:54 PM,Tag meter initial error
10/9/2013 2:50:56 PM,There are some error during start. Only ENGINEER can login.
10/9/2013 2:51:15 PM,Tag meter initial error
10/9/2013 2:51:16 PM,There are some error during start
10/9/2013 3:16:36 PM,Tag meter initial error
10/9/2013 3:16:37 PM,There are some error during start. Only ENGINEER can login.
10/9/2013 3:16:46 PM,After start software log in is successful.
10/9/2013 3:18:08 PM,After start software log in is successful.
10/9/2013 3:18:19 PM,Tag meter initial error
10/9/2013 3:18:20 PM,There are some error during start. Only ENGINEER can login.
10/9/2013 3:18:37 PM,After start software log in is successful.
10/9/2013 3:20:19 PM,After start software log in is successful.
10/9/2013 3:20:35 PM,After start software log in is successful.
10/9/2013 3:23:36 PM,After start software log in is successful.
10/9/2013 3:24:17 PM,After start software log in is successful.
10/9/2013 3:25:00 PM,After start software log in is successful.
10/9/2013 3:26:18 PM,After start software log in is successful.
10/9/2013 3:27:24 PM,After start software log in is successful.
10/9/2013 3:30:01 PM,After start software log in is successful.
10/9/2013 3:32:58 PM,After start software log in is successful.
10/9/2013 3:35:20 PM,After start software log in is successful.
10/9/2013 3:36:17 PM,After start software log in is successful.
10/9/2013 3:36:40 PM,After start software log in is successful.
10/9/2013 3:38:13 PM,After start software log in is successful.
10/9/2013 3:39:29 PM,After start software log in is successful.
10/9/2013 3:40:21 PM,After start software log in is successful.
10/9/2013 3:40:36 PM,After start software log in is successful.
10/9/2013 3:40:50 PM,After start software log in is successful.
10/9/2013 3:53:42 PM,After start software log in is successful.
10/10/2013 9:10:10 AM,After start software log in is successful.
10/10/2013 9:12:02 AM,After start software log in is successful.
10/10/2013 9:12:56 AM,After start software log in is successful.
10/10/2013 9:14:30 AM,After start software log in is successful.
10/10/2013 9:22:56 AM,After start software log in is successful.
10/10/2013 9:23:28 AM,After start software log in is successful.
10/10/2013 9:24:21 AM,After start software log in is successful.
10/10/2013 9:24:55 AM,After start software log in is successful.
10/10/2013 9:25:23 AM,After start software log in is successful.
10/10/2013 9:29:11 AM,After start software log in is successful.
10/10/2013 9:29:33 AM,After start software log in is successful.
10/10/2013 9:30:07 AM,After start software log in is successful.
10/10/2013 9:33:47 AM,After start software log in is successful.
10/10/2013 10:21:04 AM,After start software log in is successful.
10/10/2013 10:25:08 AM,After start software log in is successful.
10/10/2013 10:25:50 AM,After start software log in is successful.
10/10/2013 10:42:37 AM,After start software log in is successful.
10/10/2013 10:45:09 AM,After start software log in is successful.
10/10/2013 10:47:15 AM,After start software log in is successful.
10/10/2013 10:49:24 AM,After start software log in is successful.
10/10/2013 10:50:48 AM,After start software log in is successful.
10/10/2013 10:51:35 AM,After start software log in is successful.
10/10/2013 11:19:53 AM,After start software log in is successful.
10/10/2013 11:27:14 AM,After start software log in is successful.
10/10/2013 11:29:52 AM,After start software log in is successful.
10/10/2013 11:30:14 AM,After start software log in is successful.
10/10/2013 11:30:28 AM,After start software log in is successful.
10/10/2013 11:31:37 AM,After start software log in is successful.
10/10/2013 11:33:01 AM,After start software log in is successful.
10/10/2013 11:49:15 AM,After start software log in is successful.
10/10/2013 11:50:19 AM,After start software log in is successful.
10/10/2013 11:57:33 AM,After start software log in is successful.
10/10/2013 11:59:21 AM,After start software log in is successful.
10/10/2013 12:00:10 PM,After start software log in is successful.
10/10/2013 12:00:50 PM,After start software log in is successful.
10/10/2013 12:01:28 PM,After start software log in is successful.
10/10/2013 1:09:44 PM,After start software log in is successful.
10/10/2013 1:10:46 PM,After start software log in is successful.
10/10/2013 1:26:25 PM,After start software log in is successful.
10/10/2013 1:28:46 PM,After start software log in is successful.
10/10/2013 1:29:45 PM,After start software log in is successful.
10/10/2013 1:32:52 PM,After start software log in is successful.
10/10/2013 1:33:56 PM,After start software log in is successful.
10/10/2013 1:38:03 PM,After start software log in is successful.
10/10/2013 1:39:12 PM,After start software log in is successful.
10/10/2013 1:40:19 PM,After start software log in is successful.
10/10/2013 1:41:23 PM,After start software log in is successful.
10/10/2013 1:42:29 PM,After start software log in is successful.
10/10/2013 1:43:38 PM,After start software log in is successful.
10/10/2013 1:44:09 PM,After start software log in is successful.
10/10/2013 1:46:55 PM,After start software log in is successful.
10/10/2013 1:48:07 PM,After start software log in is successful.
10/10/2013 2:03:16 PM,After start software log in is successful.
10/10/2013 2:04:47 PM,After start software log in is successful.
10/10/2013 2:07:33 PM,After start software log in is successful.
10/10/2013 2:08:14 PM,After start software log in is successful.
10/10/2013 2:08:58 PM,After start software log in is successful.
10/10/2013 2:25:42 PM,After start software log in is successful.
10/10/2013 2:28:28 PM,After start software log in is successful.
10/10/2013 2:34:00 PM,After start software log in is successful.
10/10/2013 2:41:40 PM,After start software log in is successful.
10/10/2013 2:44:45 PM,After start software log in is successful.
10/10/2013 2:47:49 PM,After start software log in is successful.
10/10/2013 2:48:16 PM,After start software log in is successful.
10/10/2013 4:09:20 PM,After start software log in is successful.
10/10/2013 4:11:13 PM,After start software log in is successful.
10/10/2013 4:12:14 PM,After start software log in is successful.
10/10/2013 4:13:39 PM,After start software log in is successful.
10/10/2013 4:15:21 PM,After start software log in is successful.
10/10/2013 4:16:23 PM,After start software log in is successful.
10/10/2013 4:17:39 PM,After start software log in is successful.
10/10/2013 4:18:22 PM,After start software log in is successful.
10/10/2013 4:20:43 PM,After start software log in is successful.
10/10/2013 4:22:36 PM,After start software log in is successful.
10/10/2013 4:24:36 PM,After start software log in is successful.
10/10/2013 4:29:31 PM,After start software log in is successful.
10/10/2013 4:30:12 PM,After start software log in is successful.
10/10/2013 4:30:52 PM,After start software log in is successful.
10/10/2013 4:32:59 PM,After start software log in is successful.
10/10/2013 4:33:35 PM,After start software log in is successful.
10/10/2013 4:34:17 PM,After start software log in is successful.
10/10/2013 4:35:05 PM,After start software log in is successful.
10/10/2013 4:37:29 PM,After start software log in is successful.
10/10/2013 4:38:19 PM,After start software log in is successful.
10/10/2013 4:40:53 PM,After start software log in is successful.
10/10/2013 4:41:42 PM,After start software log in is successful.
10/10/2013 4:42:16 PM,After start software log in is successful.
10/10/2013 4:44:33 PM,After start software log in is successful.
10/10/2013 4:45:20 PM,After start software log in is successful.
10/10/2013 4:47:03 PM,After start software log in is successful.
10/10/2013 4:48:05 PM,After start software log in is successful.
10/10/2013 4:48:48 PM,After start software log in is successful.
10/10/2013 4:49:24 PM,After start software log in is successful.
10/10/2013 4:52:51 PM,After start software log in is successful.
10/10/2013 4:53:14 PM,After start software log in is successful.
10/10/2013 4:56:36 PM,After start software log in is successful.
10/10/2013 5:02:00 PM,After start software log in is successful.
10/10/2013 5:02:32 PM,After start software log in is successful.
10/10/2013 5:06:46 PM,After start software log in is successful.
10/10/2013 5:07:15 PM,After start software log in is successful.
10/10/2013 5:07:49 PM,After start software log in is successful.
10/10/2013 5:09:42 PM,After start software log in is successful.
10/10/2013 5:10:14 PM,After start software log in is successful.
10/10/2013 5:12:10 PM,After start software log in is successful.
10/10/2013 5:16:01 PM,After start software log in is successful.
10/10/2013 5:17:06 PM,After start software log in is successful.
10/10/2013 5:19:01 PM,After start software log in is successful.
10/10/2013 5:20:35 PM,After start software log in is successful.
10/10/2013 5:21:31 PM,After start software log in is successful.
10/10/2013 5:22:14 PM,After start software log in is successful.
10/10/2013 5:26:16 PM,After start software log in is successful.
10/10/2013 5:26:27 PM,After start software log in is successful.
10/10/2013 5:28:05 PM,After start software log in is successful.
10/11/2013 9:04:50 AM,After start software log in is successful.
10/11/2013 4:40:17 PM,After start software log in is successful.
10/11/2013 4:52:13 PM,After start software log in is successful.
10/11/2013 4:52:32 PM,After start software log in is successful.
10/11/2013 5:13:22 PM,After start software log in is successful.
10/11/2013 5:15:48 PM,After start software log in is successful.
10/11/2013 5:16:25 PM,After start software log in is successful.
10/11/2013 5:18:39 PM,After start software log in is successful.
10/11/2013 5:24:06 PM,After start software log in is successful.
10/11/2013 5:25:39 PM,After start software log in is successful.
10/11/2013 5:27:48 PM,After start software log in is successful.
10/11/2013 5:28:12 PM,After start software log in is successful.
10/11/2013 5:28:22 PM,After start software log in is successful.
10/11/2013 7:42:59 PM,After start software log in is successful.
10/11/2013 7:43:39 PM,After start software log in is successful.
10/12/2013 8:17:02 PM,After start software log in is successful.
10/12/2013 8:54:10 PM,After start software log in is successful.
10/12/2013 8:55:42 PM,After start software log in is successful.
10/12/2013 8:57:22 PM,After start software log in is successful.
10/12/2013 9:09:29 PM,After start software log in is successful.
10/12/2013 9:20:20 PM,After start software log in is successful.
10/12/2013 9:28:50 PM,After start software log in is successful.
10/12/2013 9:29:19 PM,After start software log in is successful.
10/12/2013 9:30:22 PM,After start software log in is successful.
10/12/2013 9:34:30 PM,After start software log in is successful.
10/12/2013 9:36:22 PM,I/O Board error
10/12/2013 9:36:26 PM,There are some error during start. Only ENGINEER can login.
10/12/2013 9:39:36 PM,I/O Board error
10/12/2013 9:39:38 PM,There are some error during start. Only ENGINEER can login.
10/12/2013 9:40:33 PM,I/O Board error
10/12/2013 9:40:35 PM,There are some error during start. Only ENGINEER can login.
10/12/2013 9:42:17 PM,I/O Board error
10/12/2013 9:42:18 PM,There are some error during start. Only ENGINEER can login.
10/12/2013 9:42:37 PM,I/O Board error
10/12/2013 9:42:38 PM,There are some error during start. Only ENGINEER can login.
10/12/2013 9:43:04 PM,After start software log in is successful.
10/12/2013 9:43:51 PM,After start software log in is successful.
10/12/2013 9:50:30 PM,After start software log in is successful.
10/12/2013 10:00:31 PM,After start software log in is successful.
10/12/2013 10:04:43 PM,After start software log in is successful.
10/12/2013 10:12:18 PM,After start software log in is successful.
10/13/2013 10:17:36 AM,After start software log in is successful.
10/13/2013 10:19:04 AM,After start software log in is successful.
10/13/2013 10:21:21 AM,After start software log in is successful.
10/13/2013 10:22:40 AM,After start software log in is successful.
10/13/2013 10:23:50 AM,After start software log in is successful.
10/13/2013 10:25:55 AM,After start software log in is successful.
10/13/2013 10:28:50 AM,After start software log in is successful.
10/13/2013 10:34:04 AM,After start software log in is successful.
10/13/2013 10:38:27 AM,After start software log in is successful.
10/13/2013 10:39:00 AM,After start software log in is successful.
10/13/2013 11:02:06 AM,After start software log in is successful.
10/13/2013 11:08:04 AM,After start software log in is successful.
10/13/2013 11:09:13 AM,After start software log in is successful.
10/13/2013 11:11:08 AM,After start software log in is successful.
10/13/2013 11:17:32 AM,After start software log in is successful.
10/13/2013 11:18:09 AM,After start software log in is successful.
10/13/2013 11:22:24 AM,After start software log in is successful.
10/13/2013 11:23:40 AM,After start software log in is successful.
10/13/2013 11:26:39 AM,After start software log in is successful.
10/13/2013 11:26:58 AM,After start software log in is successful.
10/13/2013 11:27:26 AM,After start software log in is successful.
10/13/2013 11:28:56 AM,After start software log in is successful.
10/13/2013 11:34:45 AM,After start software log in is successful.
10/13/2013 11:47:31 AM,After start software log in is successful.
10/13/2013 11:51:39 AM,After start software log in is successful.
10/13/2013 11:52:56 AM,After start software log in is successful.
10/13/2013 11:56:12 AM,After start software log in is successful.
10/13/2013 11:59:29 AM,After start software log in is successful.
10/13/2013 12:01:05 PM,After start software log in is successful.
10/13/2013 12:01:23 PM,After start software log in is successful.
10/13/2013 12:28:47 PM,After start software log in is successful.
10/13/2013 12:31:42 PM,After start software log in is successful.
10/13/2013 12:35:17 PM,After start software log in is successful.
10/13/2013 12:36:18 PM,After start software log in is successful.
10/13/2013 12:55:33 PM,After start software log in is successful.
10/13/2013 12:56:12 PM,After start software log in is successful.
10/13/2013 12:58:25 PM,After start software log in is successful.
10/13/2013 1:01:33 PM,After start software log in is successful.
10/13/2013 1:05:09 PM,After start software log in is successful.
10/13/2013 1:05:45 PM,After start software log in is successful.
10/13/2013 1:10:41 PM,After start software log in is successful.
10/13/2013 1:15:36 PM,After start software log in is successful.
10/13/2013 1:16:20 PM,After start software log in is successful.
10/13/2013 1:17:21 PM,After start software log in is successful.
10/13/2013 1:18:53 PM,After start software log in is successful.
10/13/2013 1:20:03 PM,After start software log in is successful.
10/13/2013 1:23:09 PM,After start software log in is successful.
10/13/2013 1:24:13 PM,After start software log in is successful.
10/13/2013 1:26:04 PM,After start software log in is successful.
10/13/2013 1:28:31 PM,After start software log in is successful.
10/13/2013 1:35:30 PM,After start software log in is successful.
10/13/2013 1:38:09 PM,After start software log in is successful.
10/13/2013 1:39:08 PM,After start software log in is successful.
10/13/2013 1:39:53 PM,After start software log in is successful.
10/13/2013 1:40:28 PM,After start software log in is successful.
10/13/2013 1:41:14 PM,After start software log in is successful.
10/13/2013 1:42:00 PM,After start software log in is successful.
10/13/2013 1:42:25 PM,After start software log in is successful.
10/13/2013 1:46:47 PM,After start software log in is successful.
10/13/2013 1:49:15 PM,After start software log in is successful.
10/13/2013 1:52:26 PM,After start software log in is successful.
10/13/2013 1:55:30 PM,After start software log in is successful.
10/13/2013 1:56:10 PM,After start software log in is successful.
10/13/2013 1:57:21 PM,After start software log in is successful.
10/13/2013 1:59:54 PM,After start software log in is successful.
10/13/2013 2:03:43 PM,After start software log in is successful.
10/13/2013 2:08:39 PM,After start software log in is successful.
10/13/2013 2:26:10 PM,After start software log in is successful.
10/13/2013 2:27:10 PM,After start software log in is successful.
10/13/2013 2:46:08 PM,After start software log in is successful.
10/13/2013 2:46:45 PM,After start software log in is successful.
10/13/2013 2:47:19 PM,After start software log in is successful.
10/13/2013 2:49:05 PM,After start software log in is successful.
10/13/2013 2:50:16 PM,After start software log in is successful.
10/13/2013 2:56:20 PM,After start software log in is successful.
10/13/2013 3:05:01 PM,After start software log in is successful.
10/13/2013 3:07:28 PM,After start software log in is successful.
10/13/2013 3:08:54 PM,After start software log in is successful.
10/13/2013 3:20:47 PM,After start software log in is successful.
10/13/2013 3:56:19 PM,After start software log in is successful.
10/13/2013 4:10:22 PM,After start software log in is successful.
10/13/2013 4:15:23 PM,After start software log in is successful.
10/13/2013 4:18:27 PM,After start software log in is successful.
10/13/2013 7:09:44 PM,After start software log in is successful.
10/13/2013 7:11:51 PM,After start software log in is successful.
10/13/2013 7:12:41 PM,After start software log in is successful.
10/13/2013 7:15:27 PM,After start software log in is successful.
10/13/2013 7:17:09 PM,After start software log in is successful.
10/13/2013 7:30:34 PM,After start software log in is successful.
10/13/2013 7:31:48 PM,After start software log in is successful.
10/13/2013 7:43:18 PM,After start software log in is successful.
10/13/2013 7:50:16 PM,After start software log in is successful.
10/13/2013 7:52:20 PM,After start software log in is successful.
10/13/2013 7:54:17 PM,After start software log in is successful.
10/13/2013 7:54:52 PM,After start software log in is successful.
10/13/2013 7:55:13 PM,After start software log in is successful.
10/13/2013 7:55:30 PM,After start software log in is successful.
10/13/2013 7:56:14 PM,After start software log in is successful.
10/13/2013 7:57:03 PM,After start software log in is successful.
10/13/2013 8:02:22 PM,After start software log in is successful.
10/13/2013 8:03:57 PM,After start software log in is successful.
10/13/2013 8:20:45 PM,After start software log in is successful.
10/13/2013 8:23:25 PM,After start software log in is successful.
10/13/2013 8:25:38 PM,After start software log in is successful.
10/13/2013 8:26:37 PM,After start software log in is successful.
10/13/2013 8:28:59 PM,After start software log in is successful.
10/13/2013 8:29:26 PM,After start software log in is successful.
10/13/2013 8:42:28 PM,After start software log in is successful.
10/13/2013 8:48:40 PM,I/O Board error
10/13/2013 8:48:43 PM,There are some error during start. Only ENGINEER can login.
10/13/2013 8:48:55 PM,I/O Board error
10/13/2013 8:48:59 PM,There are some error during start. Only ENGINEER can login.
10/13/2013 8:57:37 PM,I/O Board error
10/13/2013 8:57:39 PM,There are some error during start. Only ENGINEER can login.
10/13/2013 8:58:25 PM,I/O Board error
10/13/2013 8:58:27 PM,There are some error during start. Only ENGINEER can login.
10/13/2013 9:03:10 PM,There are some error during start. Only ENGINEER can login.
10/13/2013 9:04:59 PM,There are some error during start. Only ENGINEER can login.
10/13/2013 9:13:09 PM,There are some error during start. Only ENGINEER can login.
10/13/2013 9:17:44 PM,I/O Board error
10/13/2013 9:17:46 PM,There are some error during start. Only ENGINEER can login.
10/13/2013 9:20:06 PM,After start software log in is successful.
10/13/2013 9:28:38 PM,After start software log in is successful.
10/13/2013 9:32:07 PM,I/O Board error
10/13/2013 9:32:08 PM,There are some error during start. Only ENGINEER can login.
10/13/2013 9:34:06 PM,There are some error during start. Only ENGINEER can login.
10/13/2013 9:34:46 PM,After start software log in is successful.
